c:\users\noam\documents\visual studio 2015\projects\antiransomware\processhookmonitorwrapper\processhookmonitorwrapper\debug\processhookmonitorwrapper.pch
c:\users\noam\documents\visual studio 2015\projects\antiransomware\processhookmonitorwrapper\processhookmonitorwrapper\debug\vc140.pdb
c:\users\noam\documents\visual studio 2015\projects\antiransomware\processhookmonitorwrapper\processhookmonitorwrapper\debug\stdafx.obj
c:\users\noam\documents\visual studio 2015\projects\antiransomware\processhookmonitorwrapper\processhookmonitorwrapper\debug\processhookmonitorwrapper.obj
c:\users\noam\documents\visual studio 2015\projects\antiransomware\processhookmonitorwrapper\processhookmonitorwrapper\debug\messagehandlerthunk.obj
c:\users\noam\documents\visual studio 2015\projects\antiransomware\processhookmonitorwrapper\processhookmonitorwrapper\debug\functioncalledhandlerthunk.obj
c:\users\noam\documents\visual studio 2015\projects\antiransomware\processhookmonitorwrapper\processhookmonitorwrapper\debug\assemblyinfo.obj
c:\users\noam\documents\visual studio 2015\projects\antiransomware\processhookmonitorwrapper\processhookmonitorwrapper\debug\.netframework,version=v4.5.2.assemblyattributes.obj
c:\users\noam\documents\visual studio 2015\projects\antiransomware\processhookmonitorwrapper\processhookmonitorwrapper\debug\.netframework,version=v4.5.2.assemblyattributes.asm
c:\users\noam\documents\visual studio 2015\projects\antiransomware\processhookmonitorwrapper\debug\processhookmonitorwrapper.dll
c:\users\noam\documents\visual studio 2015\projects\antiransomware\processhookmonitorwrapper\debug\processhookmonitorwrapper.pdb
c:\users\noam\documents\visual studio 2015\projects\antiransomware\processhookmonitorwrapper\processhookmonitorwrapper\debug\processh.ce2529ee.tlog\metagen.write.1.tlog
c:\users\noam\documents\visual studio 2015\projects\antiransomware\processhookmonitorwrapper\debug\processhook.dll
c:\users\noam\documents\visual studio 2015\projects\antiransomware\processhookmonitorwrapper\debug\processhookmonitor.dll
c:\users\noam\documents\visual studio 2015\projects\antiransomware\processhookmonitorwrapper\debug\easyhook.dll
c:\users\noam\documents\visual studio 2015\projects\antiransomware\processhookmonitorwrapper\debug\processhookmonitor.pdb
c:\users\noam\documents\visual studio 2015\projects\antiransomware\processhookmonitorwrapper\debug\processhook.pdb
c:\users\noam\documents\visual studio 2015\projects\antiransomware\processhookmonitorwrapper\debug\easyhook.xml
c:\users\noam\documents\visual studio 2015\projects\antiransomware\processhookmonitorwrapper\debug\processhookmonitorwrapper.lib
c:\users\noam\documents\visual studio 2015\projects\antiransomware\processhookmonitorwrapper\debug\processhookmonitorwrapper.exp
c:\users\noam\documents\visual studio 2015\projects\antiransomware\processhookmonitorwrapper\processhookmonitorwrapper\debug\app.res
c:\users\noam\documents\visual studio 2015\projects\antiransomware\processhookmonitorwrapper\processhookmonitorwrapper\debug\processhookmonitorwrapper.vcxprojresolveassemblyreference.cache
c:\users\noam\documents\visual studio 2015\projects\antiransomware\processhookmonitorwrapper\processhookmonitorwrapper\debug\processh.ce2529ee.tlog\cl.command.1.tlog
c:\users\noam\documents\visual studio 2015\projects\antiransomware\processhookmonitorwrapper\processhookmonitorwrapper\debug\processh.ce2529ee.tlog\cl.read.1.tlog
c:\users\noam\documents\visual studio 2015\projects\antiransomware\processhookmonitorwrapper\processhookmonitorwrapper\debug\processh.ce2529ee.tlog\cl.write.1.tlog
c:\users\noam\documents\visual studio 2015\projects\antiransomware\processhookmonitorwrapper\processhookmonitorwrapper\debug\processh.ce2529ee.tlog\link.command.1.tlog
c:\users\noam\documents\visual studio 2015\projects\antiransomware\processhookmonitorwrapper\processhookmonitorwrapper\debug\processh.ce2529ee.tlog\link.read.1.tlog
c:\users\noam\documents\visual studio 2015\projects\antiransomware\processhookmonitorwrapper\processhookmonitorwrapper\debug\processh.ce2529ee.tlog\link.write.1.tlog
c:\users\noam\documents\visual studio 2015\projects\antiransomware\processhookmonitorwrapper\processhookmonitorwrapper\debug\processh.ce2529ee.tlog\metagen.read.1.tlog
c:\users\noam\documents\visual studio 2015\projects\antiransomware\processhookmonitorwrapper\processhookmonitorwrapper\debug\processh.ce2529ee.tlog\processhookmonitorwrapper.write.1u.tlog
c:\users\noam\documents\visual studio 2015\projects\antiransomware\processhookmonitorwrapper\processhookmonitorwrapper\debug\processh.ce2529ee.tlog\rc.command.1.tlog
c:\users\noam\documents\visual studio 2015\projects\antiransomware\processhookmonitorwrapper\processhookmonitorwrapper\debug\processh.ce2529ee.tlog\rc.read.1.tlog
c:\users\noam\documents\visual studio 2015\projects\antiransomware\processhookmonitorwrapper\processhookmonitorwrapper\debug\processh.ce2529ee.tlog\rc.write.1.tlog
c:\users\noam\documents\visual studio 2015\projects\antiransomware\processhookmonitorwrapper\processhookmonitorwrapper\debug\processh.ce2529ee.tlog\processhookmonitor.dll.metagen
c:\users\noam\documents\visual studio 2015\projects\antiransomware\processhookmonitorwrapper\processhookmonitorwrapper\debug\processh.ce2529ee.tlog\tzres.dll.bi
